Using pre-set license
Built from '2021.3/staging' branch; Version is '2021.3.8f1 (b30333d56e81) revision 11731763'; Using compiler version '192829333'; Build Type 'Release'
OS: 'Windows 11  (10.0.22000) 64bit Professional' Language: 'en' Physical Memory: 16236 MB
BatchMode: 1, IsHumanControllingUs: 0, StartBugReporterOnCrash: 0, Is64bit: 1, IsPro: 1

COMMAND LINE ARGUMENTS:
C:\Program Files\Unity\Hub\Editor\2021.3.8f1\Editor\Unity.exe
-adb2
-batchMode
-noUpm
-name
AssetImportWorker2
-projectPath
D:/COURSES YEAR 3/COMP 1682 - FINAL YEAR PROJECT/FinalYearProjectPrototypeREPO/Final Project Prototype
-logFile
Logs/AssetImportWorker2.log
-srvPort
54891
Successfully changed project path to: D:/COURSES YEAR 3/COMP 1682 - FINAL YEAR PROJECT/FinalYearProjectPrototypeREPO/Final Project Prototype
D:/COURSES YEAR 3/COMP 1682 - FINAL YEAR PROJECT/FinalYearProjectPrototypeREPO/Final Project Prototype
[UnityMemory] Configuration Parameters - Can be set up in boot.config
    "memorysetup-bucket-allocator-granularity=16"
    "memorysetup-bucket-allocator-bucket-count=8"
    "memorysetup-bucket-allocator-block-size=33554432"
    "memorysetup-bucket-allocator-block-count=8"
    "memorysetup-main-allocator-block-size=16777216"
    "memorysetup-thread-allocator-block-size=16777216"
    "memorysetup-gfx-main-allocator-block-size=16777216"
    "memorysetup-gfx-thread-allocator-block-size=16777216"
    "memorysetup-cache-allocator-block-size=4194304"
    "memorysetup-typetree-allocator-block-size=2097152"
    "memorysetup-profiler-bucket-allocator-granularity=16"
    "memorysetup-profiler-bucket-allocator-bucket-count=8"
    "memorysetup-profiler-bucket-allocator-block-size=33554432"
    "memorysetup-profiler-bucket-allocator-block-count=8"
    "memorysetup-profiler-allocator-block-size=16777216"
    "memorysetup-profiler-editor-allocator-block-size=1048576"
    "memorysetup-temp-allocator-size-main=16777216"
    "memorysetup-job-temp-allocator-block-size=2097152"
    "memorysetup-job-temp-allocator-block-size-background=1048576"
    "memorysetup-job-temp-allocator-reduction-small-platforms=262144"
    "memorysetup-temp-allocator-size-background-worker=32768"
    "memorysetup-temp-allocator-size-job-worker=262144"
    "memorysetup-temp-allocator-size-preload-manager=33554432"
    "memorysetup-temp-allocator-size-nav-mesh-worker=65536"
    "memorysetup-temp-allocator-size-audio-worker=65536"
    "memorysetup-temp-allocator-size-cloud-worker=32768"
    "memorysetup-temp-allocator-size-gi-baking-worker=262144"
    "memorysetup-temp-allocator-size-gfx=262144"
Refreshing native plugins compatible for Editor in 73.37 ms, found 3 plugins.
Preloading 0 native plugins for Editor in 0.00 ms.
Initialize engine version: 2021.3.8f1 (b30333d56e81)
[Subsystems] Discovering subsystems at path C:/Program Files/Unity/Hub/Editor/2021.3.8f1/Editor/Data/Resources/UnitySubsystems
[Subsystems] Discovering subsystems at path D:/COURSES YEAR 3/COMP 1682 - FINAL YEAR PROJECT/FinalYearProjectPrototypeREPO/Final Project Prototype/Assets
GfxDevice: creating device client; threaded=0; jobified=0
Direct3D:
    Version:  Direct3D 11.0 [level 11.1]
    Renderer: NVIDIA GeForce RTX 3060 Laptop GPU (ID=0x2560)
    Vendor:   NVIDIA
    VRAM:     6009 MB
    Driver:   31.0.15.2824
Initialize mono
Mono path[0] = 'C:/Program Files/Unity/Hub/Editor/2021.3.8f1/Editor/Data/Managed'
Mono path[1] = 'C:/Program Files/Unity/Hub/Editor/2021.3.8f1/Editor/Data/MonoBleedingEdge/lib/mono/unityjit-win32'
Mono config path = 'C:/Program Files/Unity/Hub/Editor/2021.3.8f1/Editor/Data/MonoBleedingEdge/etc'
Using monoOptions --debugger-agent=transport=dt_socket,embedding=1,server=y,suspend=n,address=127.0.0.1:56160
Begin MonoManager ReloadAssembly
Registering precompiled unity dll's ...
Register platform support module: C:/Program Files/Unity/Hub/Editor/2021.3.8f1/Editor/Data/PlaybackEngines/WindowsStandaloneSupport/UnityEditor.WindowsStandalone.Extensions.dll
Registered in 0.003795 seconds.
Native extension for WindowsStandalone target not found
Refreshing native plugins compatible for Editor in 67.57 ms, found 3 plugins.
Preloading 0 native plugins for Editor in 0.00 ms.
Mono: successfully reloaded assembly
- Completed reload, in  0.551 seconds
Domain Reload Profiling:
	ReloadAssembly (551ms)
		BeginReloadAssembly (66ms)
			ExecutionOrderSort (0ms)
			DisableScriptedObjects (0ms)
			BackupInstance (0ms)
			ReleaseScriptingObjects (0ms)
			CreateAndSetChildDomain (1ms)
		EndReloadAssembly (392ms)
			LoadAssemblies (64ms)
			RebuildTransferFunctionScriptingTraits (0ms)
			SetupTypeCache (84ms)
			ReleaseScriptCaches (0ms)
			RebuildScriptCaches (24ms)
			SetupLoadedEditorAssemblies (240ms)
				LogAssemblyErrors (0ms)
				InitializePlatformSupportModulesInManaged (7ms)
				SetLoadedEditorAssemblies (0ms)
				RefreshPlugins (68ms)
				BeforeProcessingInitializeOnLoad (1ms)
				ProcessInitializeOnLoadAttributes (124ms)
				ProcessInitializeOnLoadMethodAttributes (40ms)
				AfterProcessingInitializeOnLoad (0ms)
				EditorAssembliesLoaded (0ms)
			ExecutionOrderSort2 (0ms)
			AwakeInstancesAfterBackupRestoration (0ms)
Platform modules already initialized, skipping
Registering precompiled user dll's ...
Registered in 0.004782 seconds.
Begin MonoManager ReloadAssembly
Symbol file LoadedFromMemory doesn't match image D:\COURSES YEAR 3\COMP 1682 - FINAL YEAR PROJECT\FinalYearProjectPrototypeREPO\Final Project Prototype\Library\PackageCache\com.unity.visualscripting@1.7.8\Editor\VisualScripting.Core\Dependencies\YamlDotNet\Unity.VisualScripting.YamlDotNet.dll
Symbol file LoadedFromMemory doesn't match image D:\COURSES YEAR 3\COMP 1682 - FINAL YEAR PROJECT\FinalYearProjectPrototypeREPO\Final Project Prototype\Library\PackageCache\com.unity.visualscripting@1.7.8\Editor\VisualScripting.Core\Dependencies\DotNetZip\Unity.VisualScripting.IonicZip.dll
Native extension for WindowsStandalone target not found
Refreshing native plugins compatible for Editor in 0.64 ms, found 3 plugins.
Preloading 0 native plugins for Editor in 0.00 ms.
Mono: successfully reloaded assembly
- Completed reload, in  0.896 seconds
Domain Reload Profiling:
	ReloadAssembly (897ms)
		BeginReloadAssembly (107ms)
			ExecutionOrderSort (0ms)
			DisableScriptedObjects (6ms)
			BackupInstance (0ms)
			ReleaseScriptingObjects (0ms)
			CreateAndSetChildDomain (21ms)
		EndReloadAssembly (692ms)
			LoadAssemblies (79ms)
			RebuildTransferFunctionScriptingTraits (0ms)
			SetupTypeCache (224ms)
			ReleaseScriptCaches (1ms)
			RebuildScriptCaches (43ms)
			SetupLoadedEditorAssemblies (323ms)
				LogAssemblyErrors (0ms)
				InitializePlatformSupportModulesInManaged (5ms)
				SetLoadedEditorAssemblies (0ms)
				RefreshPlugins (1ms)
				BeforeProcessingInitializeOnLoad (72ms)
				ProcessInitializeOnLoadAttributes (214ms)
				ProcessInitializeOnLoadMethodAttributes (25ms)
				AfterProcessingInitializeOnLoad (6ms)
				EditorAssembliesLoaded (0ms)
			ExecutionOrderSort2 (0ms)
			AwakeInstancesAfterBackupRestoration (5ms)
Platform modules already initialized, skipping
========================================================================
Worker process is ready to serve import requests
Launched and connected shader compiler UnityShaderCompiler.exe after 0.09 seconds
Refreshing native plugins compatible for Editor in 0.59 ms, found 3 plugins.
Preloading 0 native plugins for Editor in 0.00 ms.
Unloading 3414 Unused Serialized files (Serialized files now loaded: 0)
Unloading 25 unused Assets / (55.4 KB). Loaded Objects now: 3877.
Memory consumption went from 120.5 MB to 120.4 MB.
Total: 2.849200 ms (FindLiveObjects: 0.238500 ms CreateObjectMapping: 0.115500 ms MarkObjects: 2.420100 ms  DeleteObjects: 0.074300 ms)

AssetImportParameters requested are different than current active one (requested -> active):
  custom:video-decoder-ogg-theora: a1e56fd34408186e4bbccfd4996cb3dc -> 
  custom:container-muxer-webm: aa71ff27fc2769a1b78a27578f13a17b -> 
  custom:container-demuxer-webm: 4f35f7cbe854078d1ac9338744f61a02 -> 
  custom:video-encoder-webm-vp8: eb34c28f22e8b96e1ab97ce403110664 -> 
  custom:audio-encoder-webm-vorbis: bf7c407c2cedff20999df2af8eb42d56 -> 
  custom:framework-win-MediaFoundation: 216162199b28c13a410421893ffa2e32 -> 
  custom:container-demuxer-ogg: 62fdf1f143b41e24485cea50d1cbac27 -> 
  custom:video-decoder-webm-vp8: 9c59270c3fd7afecdb556c50c9e8de78 -> 
  custom:audio-decoder-ogg-vorbis: bf7c407c2cedff20999df2af8eb42d56 -> 
========================================================================
Received Import Request.
  Time since last request: 45793.011822 seconds.
  path: Assets/3D Models/Ceiling-fan/source/Ceiling_Fan_geo.fbx
  artifactKey: Guid(6f85fecf4bcb2d54394c6ed512df884f) Importer(815301076,1909f56bfc062723c751e8b465ee728b)
Start importing Assets/3D Models/Ceiling-fan/source/Ceiling_Fan_geo.fbx using Guid(6f85fecf4bcb2d54394c6ed512df884f) Importer(815301076,1909f56bfc062723c751e8b465ee728b)  -> (artifact id: 'ee9dfbe699de571fb2b12936e1cca902') in 0.323474 seconds 
========================================================================
Received Import Request.
  Time since last request: 20.656715 seconds.
  path: Assets/3D Models/Ceiling-fan/source/Ceiling_Fan_geo.fbx
  artifactKey: Guid(6f85fecf4bcb2d54394c6ed512df884f) Importer(815301076,1909f56bfc062723c751e8b465ee728b)
Start importing Assets/3D Models/Ceiling-fan/source/Ceiling_Fan_geo.fbx using Guid(6f85fecf4bcb2d54394c6ed512df884f) Importer(815301076,1909f56bfc062723c751e8b465ee728b)  -> (artifact id: '038a3c17b6197e8982be1b124da45333') in 0.153978 seconds 
========================================================================
Received Import Request.
  Time since last request: 11.465603 seconds.
  path: Assets/3D Models/Ceiling-fan/source/Ceiling_Fan_geo.fbx
  artifactKey: Guid(6f85fecf4bcb2d54394c6ed512df884f) Importer(815301076,1909f56bfc062723c751e8b465ee728b)
Start importing Assets/3D Models/Ceiling-fan/source/Ceiling_Fan_geo.fbx using Guid(6f85fecf4bcb2d54394c6ed512df884f) Importer(815301076,1909f56bfc062723c751e8b465ee728b)  -> (artifact id: '194e56a9c103193a7a0eb8134fa64772') in 0.206634 seconds 
========================================================================
Received Import Request.
  Time since last request: 1.534365 seconds.
  path: Assets/3D Models/Ceiling-fan/source/Materials
  artifactKey: Guid(8dad4aae23519d642b7f07b74d34c377) Importer(815301076,1909f56bfc062723c751e8b465ee728b)
Start importing Assets/3D Models/Ceiling-fan/source/Materials using Guid(8dad4aae23519d642b7f07b74d34c377) Importer(815301076,1909f56bfc062723c751e8b465ee728b)  -> (artifact id: '61eece282598766ac88a0a8c8c9f651b') in 0.321975 seconds 
========================================================================
Received Import Request.
  Time since last request: 13.265277 seconds.
  path: Assets/3D Models/Ceiling-fan/source/Ceiling_Fan_geo.fbx
  artifactKey: Guid(6f85fecf4bcb2d54394c6ed512df884f) Importer(815301076,1909f56bfc062723c751e8b465ee728b)
Start importing Assets/3D Models/Ceiling-fan/source/Ceiling_Fan_geo.fbx using Guid(6f85fecf4bcb2d54394c6ed512df884f) Importer(815301076,1909f56bfc062723c751e8b465ee728b)  -> (artifact id: '001c99270d96aa83183aba0bcd62ac02') in 0.276870 seconds 
========================================================================
Received Import Request.
  Time since last request: 4.910497 seconds.
  path: Assets/3D Models/Ceiling-fan/source/Ceiling_Fan_geo.fbx
  artifactKey: Guid(6f85fecf4bcb2d54394c6ed512df884f) Importer(815301076,1909f56bfc062723c751e8b465ee728b)
Start importing Assets/3D Models/Ceiling-fan/source/Ceiling_Fan_geo.fbx using Guid(6f85fecf4bcb2d54394c6ed512df884f) Importer(815301076,1909f56bfc062723c751e8b465ee728b)  -> (artifact id: '457f070435a7017d95dc543c9dbd3f82') in 0.141269 seconds 
========================================================================
Received Import Request.
  Time since last request: 97.658517 seconds.
  path: Assets/3D Models/Ceiling-fan/Ceiling_Fan_geo.fbx
  artifactKey: Guid(bebc75358ea81c542b2f4e56e84af0a4) Importer(815301076,1909f56bfc062723c751e8b465ee728b)
Start importing Assets/3D Models/Ceiling-fan/Ceiling_Fan_geo.fbx using Guid(bebc75358ea81c542b2f4e56e84af0a4) Importer(815301076,1909f56bfc062723c751e8b465ee728b)  -> (artifact id: '86b940958f1ff1c85bf6401fa53e6b16') in 1.240723 seconds 
========================================================================
Received Import Request.
  Time since last request: 0.000027 seconds.
  path: Assets/3D Models/Ceiling-fan/Ceiling_Fan_geo_lambert7_Metallic.png
  artifactKey: Guid(c5020485badcb97438f98bfb4fd6cd6c) Importer(815301076,1909f56bfc062723c751e8b465ee728b)
Start importing Assets/3D Models/Ceiling-fan/Ceiling_Fan_geo_lambert7_Metallic.png using Guid(c5020485badcb97438f98bfb4fd6cd6c) Importer(815301076,1909f56bfc062723c751e8b465ee728b)  -> (artifact id: 'e1babe3ea42c308f6f7a02f5d2505152') in 1.571072 seconds 
========================================================================
Received Import Request.
  Time since last request: 20.060838 seconds.
  path: Assets/3D Models/Ceiling-fan/Ceiling_Fan_geo.fbx
  artifactKey: Guid(bebc75358ea81c542b2f4e56e84af0a4) Importer(815301076,1909f56bfc062723c751e8b465ee728b)
Start importing Assets/3D Models/Ceiling-fan/Ceiling_Fan_geo.fbx using Guid(bebc75358ea81c542b2f4e56e84af0a4) Importer(815301076,1909f56bfc062723c751e8b465ee728b)  -> (artifact id: '899130b3a5a3354a830dcade3a2e1a5e') in 0.179152 seconds 
========================================================================
Received Import Request.
  Time since last request: 36.827778 seconds.
  path: Assets/3D Models/Ceiling-fan/Ceiling_Fan_geo.fbx
  artifactKey: Guid(bebc75358ea81c542b2f4e56e84af0a4) Importer(815301076,1909f56bfc062723c751e8b465ee728b)
Start importing Assets/3D Models/Ceiling-fan/Ceiling_Fan_geo.fbx using Guid(bebc75358ea81c542b2f4e56e84af0a4) Importer(815301076,1909f56bfc062723c751e8b465ee728b)  -> (artifact id: 'e174945d679aaa7f603e9157d05ad523') in 0.158952 seconds 
========================================================================
Received Import Request.
  Time since last request: 7.325922 seconds.
  path: Assets/3D Models/Ceiling-fan/Ceiling_Fan_geo.fbx
  artifactKey: Guid(bebc75358ea81c542b2f4e56e84af0a4) Importer(815301076,1909f56bfc062723c751e8b465ee728b)
Start importing Assets/3D Models/Ceiling-fan/Ceiling_Fan_geo.fbx using Guid(bebc75358ea81c542b2f4e56e84af0a4) Importer(815301076,1909f56bfc062723c751e8b465ee728b)  -> (artifact id: '83b60f930ea974b52b18812799ff3b2e') in 0.260831 seconds 
========================================================================
Received Import Request.
  Time since last request: 10.522539 seconds.
  path: Assets/3D Models/Ceiling-fan/Ceiling_Fan_geo.fbx
  artifactKey: Guid(bebc75358ea81c542b2f4e56e84af0a4) Importer(815301076,1909f56bfc062723c751e8b465ee728b)
Start importing Assets/3D Models/Ceiling-fan/Ceiling_Fan_geo.fbx using Guid(bebc75358ea81c542b2f4e56e84af0a4) Importer(815301076,1909f56bfc062723c751e8b465ee728b)  -> (artifact id: '93b0201f3288727408f1a3f0ee519e55') in 0.244955 seconds 
========================================================================
Received Import Request.
  Time since last request: 5.895985 seconds.
  path: Assets/3D Models/Ceiling-fan/Ceiling_Fan_geo.fbx
  artifactKey: Guid(bebc75358ea81c542b2f4e56e84af0a4) Importer(815301076,1909f56bfc062723c751e8b465ee728b)
Start importing Assets/3D Models/Ceiling-fan/Ceiling_Fan_geo.fbx using Guid(bebc75358ea81c542b2f4e56e84af0a4) Importer(815301076,1909f56bfc062723c751e8b465ee728b)  -> (artifact id: '9bcb0d8d909005b1d9b7bb3e2fae7b3c') in 0.115942 seconds 
========================================================================
Received Import Request.
  Time since last request: 0.850015 seconds.
  path: Assets/3D Models/Materials/ID_152e3a737a-1cba-374c-b168-d4c4c0725747_16.mat
  artifactKey: Guid(82467b578623a694fae4ffa91fa147c6) Importer(815301076,1909f56bfc062723c751e8b465ee728b)
Start importing Assets/3D Models/Materials/ID_152e3a737a-1cba-374c-b168-d4c4c0725747_16.mat using Guid(82467b578623a694fae4ffa91fa147c6) Importer(815301076,1909f56bfc062723c751e8b465ee728b)  -> (artifact id: '96cbc526485a1a5b83d720997fa221a0') in 1.483906 seconds 
========================================================================
Received Import Request.
  Time since last request: 0.000020 seconds.
  path: Assets/3D Models/Laptop/source/Materials/Laptop-ComputerFrame.mat
  artifactKey: Guid(d4e0477fb6214a44abc1b6b8b61dfdd0) Importer(815301076,1909f56bfc062723c751e8b465ee728b)
Start importing Assets/3D Models/Laptop/source/Materials/Laptop-ComputerFrame.mat using Guid(d4e0477fb6214a44abc1b6b8b61dfdd0) Importer(815301076,1909f56bfc062723c751e8b465ee728b)  -> (artifact id: '1f0df383fd4c498c2899e10ab3772f15') in 0.258128 seconds 
========================================================================
Received Import Request.
  Time since last request: 0.000044 seconds.
  path: Assets/3D Models/Materials/ID_15d3431336-5166-4749-b6e3-b79ef1e206f8_16.mat
  artifactKey: Guid(67350d5439c55b942b8adfb0a4cfd847) Importer(815301076,1909f56bfc062723c751e8b465ee728b)
Start importing Assets/3D Models/Materials/ID_15d3431336-5166-4749-b6e3-b79ef1e206f8_16.mat using Guid(67350d5439c55b942b8adfb0a4cfd847) Importer(815301076,1909f56bfc062723c751e8b465ee728b)  -> (artifact id: 'aecd801f89814e4f5c9d7caada07abd6') in 1.925771 seconds 
========================================================================
Received Import Request.
  Time since last request: 0.000028 seconds.
  path: Assets/3D Models/Window/source/Materials/dracula7.mat
  artifactKey: Guid(fa97f4e304ad5234db279d702f38acba) Importer(815301076,1909f56bfc062723c751e8b465ee728b)
Start importing Assets/3D Models/Window/source/Materials/dracula7.mat using Guid(fa97f4e304ad5234db279d702f38acba) Importer(815301076,1909f56bfc062723c751e8b465ee728b)  -> (artifact id: 'caf280cd8d18c12a5eb4c74086d23ad5') in 0.173493 seconds 
========================================================================
Received Import Request.
  Time since last request: 0.000035 seconds.
  path: Assets/3D Models/Laptop/source/Materials/ComputerTextureBase.mat
  artifactKey: Guid(fb9054d03d338f74990ba8ce9bdeae15) Importer(815301076,1909f56bfc062723c751e8b465ee728b)
Start importing Assets/3D Models/Laptop/source/Materials/ComputerTextureBase.mat using Guid(fb9054d03d338f74990ba8ce9bdeae15) Importer(815301076,1909f56bfc062723c751e8b465ee728b)  -> (artifact id: 'ed9ed87749cebb16e8d2b472d6526819') in 0.156601 seconds 
========================================================================
Received Import Request.
  Time since last request: 0.000022 seconds.
  path: Assets/3D Models/Laptop2/Laptop2/Sources/Materials/Laptop-Material.006.mat
  artifactKey: Guid(63d3ec4686e39494bbc3019d3dcaf4b0) Importer(815301076,1909f56bfc062723c751e8b465ee728b)
Start importing Assets/3D Models/Laptop2/Laptop2/Sources/Materials/Laptop-Material.006.mat using Guid(63d3ec4686e39494bbc3019d3dcaf4b0) Importer(815301076,1909f56bfc062723c751e8b465ee728b)  -> (artifact id: '4e63ae18e33909b63535bbe81adfe9ef') in 0.107224 seconds 
========================================================================
Received Import Request.
  Time since last request: 0.000029 seconds.
  path: Assets/3D Models/Ceiling-fan/Materials/lambert7.mat
  artifactKey: Guid(d4af67f13df4c0848abc5bdc5a250946) Importer(815301076,1909f56bfc062723c751e8b465ee728b)
Start importing Assets/3D Models/Ceiling-fan/Materials/lambert7.mat using Guid(d4af67f13df4c0848abc5bdc5a250946) Importer(815301076,1909f56bfc062723c751e8b465ee728b)  -> (artifact id: '792719097cffc408cb9bd797426e1d85') in 0.042776 seconds 
========================================================================
Received Import Request.
  Time since last request: 0.000065 seconds.
  path: Assets/3D Models/Laptop/source/Materials/ComputerScreenTextureBase.mat
  artifactKey: Guid(8ed3d1d648a617d40a623465addd4eb1) Importer(815301076,1909f56bfc062723c751e8b465ee728b)
Start importing Assets/3D Models/Laptop/source/Materials/ComputerScreenTextureBase.mat using Guid(8ed3d1d648a617d40a623465addd4eb1) Importer(815301076,1909f56bfc062723c751e8b465ee728b)  -> (artifact id: '29c677b9d58985d27a1d130960230a7d') in 0.046873 seconds 
========================================================================
Received Import Request.
  Time since last request: 0.000032 seconds.
  path: Assets/3D Models/Laptop2/Laptop2/Sources/Materials/Laptop-Material.003.mat
  artifactKey: Guid(3d6ab02424ca15842a9985dfc38e296d) Importer(815301076,1909f56bfc062723c751e8b465ee728b)
Start importing Assets/3D Models/Laptop2/Laptop2/Sources/Materials/Laptop-Material.003.mat using Guid(3d6ab02424ca15842a9985dfc38e296d) Importer(815301076,1909f56bfc062723c751e8b465ee728b)  -> (artifact id: '8621b8d8bbf32a0e1e5d573790945be6') in 0.066831 seconds 
========================================================================
Received Import Request.
  Time since last request: 0.000042 seconds.
  path: Assets/3D Models/Window/source/Materials/decorators-white.mat
  artifactKey: Guid(f37ab17417beace46a29dc5fd20cae0d) Importer(815301076,1909f56bfc062723c751e8b465ee728b)
Start importing Assets/3D Models/Window/source/Materials/decorators-white.mat using Guid(f37ab17417beace46a29dc5fd20cae0d) Importer(815301076,1909f56bfc062723c751e8b465ee728b)  -> (artifact id: '2addc5bcd27801858b6795838700a64a') in 0.030070 seconds 
========================================================================
Received Import Request.
  Time since last request: 0.000027 seconds.
  path: Assets/3D Models/Laptop/source/Materials/ComputerScreen 1.mat
  artifactKey: Guid(90f700e4c4c8d4f49918c64a63c7a627) Importer(815301076,1909f56bfc062723c751e8b465ee728b)
Start importing Assets/3D Models/Laptop/source/Materials/ComputerScreen 1.mat using Guid(90f700e4c4c8d4f49918c64a63c7a627) Importer(815301076,1909f56bfc062723c751e8b465ee728b)  -> (artifact id: 'e5cde0d8ab60e4a62acc98968f6b083f') in 0.193385 seconds 
========================================================================
Received Import Request.
  Time since last request: 0.000026 seconds.
  path: Assets/3D Models/Laptop2/Laptop2/Sources/Materials/Laptop-Material.005.mat
  artifactKey: Guid(804a370b30139db48829c48fded395e8) Importer(815301076,1909f56bfc062723c751e8b465ee728b)
Start importing Assets/3D Models/Laptop2/Laptop2/Sources/Materials/Laptop-Material.005.mat using Guid(804a370b30139db48829c48fded395e8) Importer(815301076,1909f56bfc062723c751e8b465ee728b)  -> (artifact id: '717e96682cea59ecb68e3eecb8770448') in 0.046092 seconds 
Editor requested this worker to shutdown with reason: Scaling down because of idle timeout
AssetImportWorker is now disconnected from the server
Process exiting
Exiting without the bug reporter. Application will terminate with return code 0