Using pre-set license
Built from '2021.3/staging' branch; Version is '2021.3.8f1 (b30333d56e81) revision 11731763'; Using compiler version '192829333'; Build Type 'Release'
OS: 'Windows 11  (10.0.22000) 64bit Professional' Language: 'en' Physical Memory: 16236 MB
BatchMode: 1, IsHumanControllingUs: 0, StartBugReporterOnCrash: 0, Is64bit: 1, IsPro: 1

COMMAND LINE ARGUMENTS:
C:\Program Files\Unity\Hub\Editor\2021.3.8f1\Editor\Unity.exe
-adb2
-batchMode
-noUpm
-name
AssetImportWorker0
-projectPath
D:/COURSES YEAR 3/COMP 1682 - FINAL YEAR PROJECT/FinalYearProjectPrototypeREPO/Final Project Prototype
-logFile
Logs/AssetImportWorker0.log
-srvPort
54891
Successfully changed project path to: D:/COURSES YEAR 3/COMP 1682 - FINAL YEAR PROJECT/FinalYearProjectPrototypeREPO/Final Project Prototype
D:/COURSES YEAR 3/COMP 1682 - FINAL YEAR PROJECT/FinalYearProjectPrototypeREPO/Final Project Prototype
[UnityMemory] Configuration Parameters - Can be set up in boot.config
    "memorysetup-bucket-allocator-granularity=16"
    "memorysetup-bucket-allocator-bucket-count=8"
    "memorysetup-bucket-allocator-block-size=33554432"
    "memorysetup-bucket-allocator-block-count=8"
    "memorysetup-main-allocator-block-size=16777216"
    "memorysetup-thread-allocator-block-size=16777216"
    "memorysetup-gfx-main-allocator-block-size=16777216"
    "memorysetup-gfx-thread-allocator-block-size=16777216"
    "memorysetup-cache-allocator-block-size=4194304"
    "memorysetup-typetree-allocator-block-size=2097152"
    "memorysetup-profiler-bucket-allocator-granularity=16"
    "memorysetup-profiler-bucket-allocator-bucket-count=8"
    "memorysetup-profiler-bucket-allocator-block-size=33554432"
    "memorysetup-profiler-bucket-allocator-block-count=8"
    "memorysetup-profiler-allocator-block-size=16777216"
    "memorysetup-profiler-editor-allocator-block-size=1048576"
    "memorysetup-temp-allocator-size-main=16777216"
    "memorysetup-job-temp-allocator-block-size=2097152"
    "memorysetup-job-temp-allocator-block-size-background=1048576"
    "memorysetup-job-temp-allocator-reduction-small-platforms=262144"
    "memorysetup-temp-allocator-size-background-worker=32768"
    "memorysetup-temp-allocator-size-job-worker=262144"
    "memorysetup-temp-allocator-size-preload-manager=33554432"
    "memorysetup-temp-allocator-size-nav-mesh-worker=65536"
    "memorysetup-temp-allocator-size-audio-worker=65536"
    "memorysetup-temp-allocator-size-cloud-worker=32768"
    "memorysetup-temp-allocator-size-gi-baking-worker=262144"
    "memorysetup-temp-allocator-size-gfx=262144"
Refreshing native plugins compatible for Editor in 68.46 ms, found 3 plugins.
Preloading 0 native plugins for Editor in 0.00 ms.
Initialize engine version: 2021.3.8f1 (b30333d56e81)
[Subsystems] Discovering subsystems at path C:/Program Files/Unity/Hub/Editor/2021.3.8f1/Editor/Data/Resources/UnitySubsystems
[Subsystems] Discovering subsystems at path D:/COURSES YEAR 3/COMP 1682 - FINAL YEAR PROJECT/FinalYearProjectPrototypeREPO/Final Project Prototype/Assets
GfxDevice: creating device client; threaded=0; jobified=0
Direct3D:
    Version:  Direct3D 11.0 [level 11.1]
    Renderer: NVIDIA GeForce RTX 3060 Laptop GPU (ID=0x2560)
    Vendor:   NVIDIA
    VRAM:     6009 MB
    Driver:   31.0.15.2824
Initialize mono
Mono path[0] = 'C:/Program Files/Unity/Hub/Editor/2021.3.8f1/Editor/Data/Managed'
Mono path[1] = 'C:/Program Files/Unity/Hub/Editor/2021.3.8f1/Editor/Data/MonoBleedingEdge/lib/mono/unityjit-win32'
Mono config path = 'C:/Program Files/Unity/Hub/Editor/2021.3.8f1/Editor/Data/MonoBleedingEdge/etc'
Using monoOptions --debugger-agent=transport=dt_socket,embedding=1,server=y,suspend=n,address=127.0.0.1:56388
Begin MonoManager ReloadAssembly
Registering precompiled unity dll's ...
Register platform support module: C:/Program Files/Unity/Hub/Editor/2021.3.8f1/Editor/Data/PlaybackEngines/WindowsStandaloneSupport/UnityEditor.WindowsStandalone.Extensions.dll
Registered in 0.004281 seconds.
Native extension for WindowsStandalone target not found
Refreshing native plugins compatible for Editor in 69.35 ms, found 3 plugins.
Preloading 0 native plugins for Editor in 0.00 ms.
Mono: successfully reloaded assembly
- Completed reload, in  0.561 seconds
Domain Reload Profiling:
	ReloadAssembly (561ms)
		BeginReloadAssembly (63ms)
			ExecutionOrderSort (0ms)
			DisableScriptedObjects (0ms)
			BackupInstance (0ms)
			ReleaseScriptingObjects (0ms)
			CreateAndSetChildDomain (1ms)
		EndReloadAssembly (406ms)
			LoadAssemblies (62ms)
			RebuildTransferFunctionScriptingTraits (0ms)
			SetupTypeCache (84ms)
			ReleaseScriptCaches (0ms)
			RebuildScriptCaches (25ms)
			SetupLoadedEditorAssemblies (251ms)
				LogAssemblyErrors (0ms)
				InitializePlatformSupportModulesInManaged (7ms)
				SetLoadedEditorAssemblies (0ms)
				RefreshPlugins (69ms)
				BeforeProcessingInitializeOnLoad (1ms)
				ProcessInitializeOnLoadAttributes (132ms)
				ProcessInitializeOnLoadMethodAttributes (42ms)
				AfterProcessingInitializeOnLoad (0ms)
				EditorAssembliesLoaded (0ms)
			ExecutionOrderSort2 (0ms)
			AwakeInstancesAfterBackupRestoration (0ms)
Platform modules already initialized, skipping
Registering precompiled user dll's ...
Registered in 0.005009 seconds.
Begin MonoManager ReloadAssembly
Symbol file LoadedFromMemory doesn't match image D:\COURSES YEAR 3\COMP 1682 - FINAL YEAR PROJECT\FinalYearProjectPrototypeREPO\Final Project Prototype\Library\PackageCache\com.unity.visualscripting@1.7.8\Editor\VisualScripting.Core\Dependencies\YamlDotNet\Unity.VisualScripting.YamlDotNet.dll
Symbol file LoadedFromMemory doesn't match image D:\COURSES YEAR 3\COMP 1682 - FINAL YEAR PROJECT\FinalYearProjectPrototypeREPO\Final Project Prototype\Library\PackageCache\com.unity.visualscripting@1.7.8\Editor\VisualScripting.Core\Dependencies\DotNetZip\Unity.VisualScripting.IonicZip.dll
Native extension for WindowsStandalone target not found
Refreshing native plugins compatible for Editor in 1.39 ms, found 3 plugins.
Preloading 0 native plugins for Editor in 0.00 ms.
Mono: successfully reloaded assembly
- Completed reload, in  0.930 seconds
Domain Reload Profiling:
	ReloadAssembly (931ms)
		BeginReloadAssembly (100ms)
			ExecutionOrderSort (0ms)
			DisableScriptedObjects (6ms)
			BackupInstance (0ms)
			ReleaseScriptingObjects (0ms)
			CreateAndSetChildDomain (18ms)
		EndReloadAssembly (733ms)
			LoadAssemblies (72ms)
			RebuildTransferFunctionScriptingTraits (0ms)
			SetupTypeCache (222ms)
			ReleaseScriptCaches (1ms)
			RebuildScriptCaches (45ms)
			SetupLoadedEditorAssemblies (357ms)
				LogAssemblyErrors (0ms)
				InitializePlatformSupportModulesInManaged (5ms)
				SetLoadedEditorAssemblies (1ms)
				RefreshPlugins (1ms)
				BeforeProcessingInitializeOnLoad (78ms)
				ProcessInitializeOnLoadAttributes (237ms)
				ProcessInitializeOnLoadMethodAttributes (25ms)
				AfterProcessingInitializeOnLoad (9ms)
				EditorAssembliesLoaded (0ms)
			ExecutionOrderSort2 (0ms)
			AwakeInstancesAfterBackupRestoration (7ms)
Platform modules already initialized, skipping
========================================================================
Worker process is ready to serve import requests
Launched and connected shader compiler UnityShaderCompiler.exe after 0.04 seconds
Refreshing native plugins compatible for Editor in 0.52 ms, found 3 plugins.
Preloading 0 native plugins for Editor in 0.00 ms.
Unloading 3414 Unused Serialized files (Serialized files now loaded: 0)
Unloading 25 unused Assets / (55.4 KB). Loaded Objects now: 3877.
Memory consumption went from 120.5 MB to 120.4 MB.
Total: 3.457700 ms (FindLiveObjects: 0.310900 ms CreateObjectMapping: 0.131000 ms MarkObjects: 2.942900 ms  DeleteObjects: 0.071400 ms)

AssetImportParameters requested are different than current active one (requested -> active):
  custom:video-decoder-ogg-theora: a1e56fd34408186e4bbccfd4996cb3dc -> 
  custom:container-muxer-webm: aa71ff27fc2769a1b78a27578f13a17b -> 
  custom:container-demuxer-webm: 4f35f7cbe854078d1ac9338744f61a02 -> 
  custom:video-encoder-webm-vp8: eb34c28f22e8b96e1ab97ce403110664 -> 
  custom:audio-encoder-webm-vorbis: bf7c407c2cedff20999df2af8eb42d56 -> 
  custom:framework-win-MediaFoundation: 216162199b28c13a410421893ffa2e32 -> 
  custom:container-demuxer-ogg: 62fdf1f143b41e24485cea50d1cbac27 -> 
  custom:video-decoder-webm-vp8: 9c59270c3fd7afecdb556c50c9e8de78 -> 
  custom:audio-decoder-ogg-vorbis: bf7c407c2cedff20999df2af8eb42d56 -> 
========================================================================
Received Prepare
Registering precompiled user dll's ...
Registered in 0.004872 seconds.
Begin MonoManager ReloadAssembly
Symbol file LoadedFromMemory doesn't match image D:\COURSES YEAR 3\COMP 1682 - FINAL YEAR PROJECT\FinalYearProjectPrototypeREPO\Final Project Prototype\Library\PackageCache\com.unity.visualscripting@1.7.8\Editor\VisualScripting.Core\Dependencies\YamlDotNet\Unity.VisualScripting.YamlDotNet.dll
Symbol file LoadedFromMemory doesn't match image D:\COURSES YEAR 3\COMP 1682 - FINAL YEAR PROJECT\FinalYearProjectPrototypeREPO\Final Project Prototype\Library\PackageCache\com.unity.visualscripting@1.7.8\Editor\VisualScripting.Core\Dependencies\DotNetZip\Unity.VisualScripting.IonicZip.dll
Native extension for WindowsStandalone target not found
Refreshing native plugins compatible for Editor in 1.07 ms, found 3 plugins.
Preloading 0 native plugins for Editor in 0.00 ms.
Mono: successfully reloaded assembly
- Completed reload, in  0.950 seconds
Domain Reload Profiling:
	ReloadAssembly (951ms)
		BeginReloadAssembly (126ms)
			ExecutionOrderSort (0ms)
			DisableScriptedObjects (5ms)
			BackupInstance (0ms)
			ReleaseScriptingObjects (0ms)
			CreateAndSetChildDomain (37ms)
		EndReloadAssembly (743ms)
			LoadAssemblies (67ms)
			RebuildTransferFunctionScriptingTraits (0ms)
			SetupTypeCache (215ms)
			ReleaseScriptCaches (1ms)
			RebuildScriptCaches (52ms)
			SetupLoadedEditorAssemblies (360ms)
				LogAssemblyErrors (0ms)
				InitializePlatformSupportModulesInManaged (11ms)
				SetLoadedEditorAssemblies (1ms)
				RefreshPlugins (1ms)
				BeforeProcessingInitializeOnLoad (77ms)
				ProcessInitializeOnLoadAttributes (234ms)
				ProcessInitializeOnLoadMethodAttributes (30ms)
				AfterProcessingInitializeOnLoad (6ms)
				EditorAssembliesLoaded (0ms)
			ExecutionOrderSort2 (0ms)
			AwakeInstancesAfterBackupRestoration (9ms)
Platform modules already initialized, skipping
Refreshing native plugins compatible for Editor in 1.71 ms, found 3 plugins.
Preloading 0 native plugins for Editor in 0.00 ms.
Unloading 3394 Unused Serialized files (Serialized files now loaded: 0)
Unloading 18 unused Assets / (24.6 KB). Loaded Objects now: 3880.
Memory consumption went from 119.0 MB to 119.0 MB.
Total: 3.442600 ms (FindLiveObjects: 0.283100 ms CreateObjectMapping: 0.255100 ms MarkObjects: 2.868300 ms  DeleteObjects: 0.034500 ms)

AssetImportParameters requested are different than current active one (requested -> active):
  custom:video-decoder-ogg-theora: a1e56fd34408186e4bbccfd4996cb3dc -> 
  custom:container-muxer-webm: aa71ff27fc2769a1b78a27578f13a17b -> 
  custom:container-demuxer-webm: 4f35f7cbe854078d1ac9338744f61a02 -> 
  custom:video-encoder-webm-vp8: eb34c28f22e8b96e1ab97ce403110664 -> 
  custom:audio-encoder-webm-vorbis: bf7c407c2cedff20999df2af8eb42d56 -> 
  custom:framework-win-MediaFoundation: 216162199b28c13a410421893ffa2e32 -> 
  custom:container-demuxer-ogg: 62fdf1f143b41e24485cea50d1cbac27 -> 
  custom:video-decoder-webm-vp8: 9c59270c3fd7afecdb556c50c9e8de78 -> 
  custom:audio-decoder-ogg-vorbis: bf7c407c2cedff20999df2af8eb42d56 -> 
========================================================================
Received Import Request.
  Time since last request: 44956.194782 seconds.
  path: Assets/Scenes/Study.unity
  artifactKey: Guid(7e267e4028541d44aaaddbfa2a164ae1) Importer(815301076,1909f56bfc062723c751e8b465ee728b)
Start importing Assets/Scenes/Study.unity using Guid(7e267e4028541d44aaaddbfa2a164ae1) Importer(815301076,1909f56bfc062723c751e8b465ee728b)  -> (artifact id: 'a9a92534682ae7326735e5c974c1ede7') in 0.010944 seconds 
========================================================================
Received Import Request.
  Time since last request: 343.806298 seconds.
  path: Assets/3D Models/Door
  artifactKey: Guid(058b035936dda644d981dde314a227b8) Importer(815301076,1909f56bfc062723c751e8b465ee728b)
Start importing Assets/3D Models/Door using Guid(058b035936dda644d981dde314a227b8) Importer(815301076,1909f56bfc062723c751e8b465ee728b)  -> (artifact id: '877d13c3d49897e59670dd2ebca02b29') in 0.006953 seconds 
========================================================================
Received Import Request.
  Time since last request: 0.043358 seconds.
  path: Assets/3D Models/Door/Door.001.png
  artifactKey: Guid(a2c12e01705511341883a8af75534f90) Importer(815301076,1909f56bfc062723c751e8b465ee728b)
Start importing Assets/3D Models/Door/Door.001.png using Guid(a2c12e01705511341883a8af75534f90) Importer(815301076,1909f56bfc062723c751e8b465ee728b)  -> (artifact id: '8fb6a53dc1fc9197ef0776ce29682e07') in 0.161705 seconds 
========================================================================
Received Import Request.
  Time since last request: 0.000028 seconds.
  path: Assets/3D Models/Door/Door.001.png.002.png
  artifactKey: Guid(c87f9de1e7dc90c43a81138021a0b2b6) Importer(815301076,1909f56bfc062723c751e8b465ee728b)
Start importing Assets/3D Models/Door/Door.001.png.002.png using Guid(c87f9de1e7dc90c43a81138021a0b2b6) Importer(815301076,1909f56bfc062723c751e8b465ee728b)  -> (artifact id: '3282a19b05e53a7f8cfce8ec77ec0a93') in 0.052587 seconds 
========================================================================
Received Import Request.
  Time since last request: 469.316955 seconds.
  path: Assets/3D Models/Ceiling-fan
  artifactKey: Guid(bb2a53cbbbbf180408c305322d05f0c9) Importer(815301076,1909f56bfc062723c751e8b465ee728b)
Start importing Assets/3D Models/Ceiling-fan using Guid(bb2a53cbbbbf180408c305322d05f0c9) Importer(815301076,1909f56bfc062723c751e8b465ee728b)  -> (artifact id: '95866ca796d4ba7245f15a9e3ba33641') in 0.007195 seconds 
========================================================================
Received Import Request.
  Time since last request: 0.623741 seconds.
  path: Assets/3D Models/Ceiling-fan/source
  artifactKey: Guid(22656eb5eb0789f49b63dc1364773f4d) Importer(815301076,1909f56bfc062723c751e8b465ee728b)
Start importing Assets/3D Models/Ceiling-fan/source using Guid(22656eb5eb0789f49b63dc1364773f4d) Importer(815301076,1909f56bfc062723c751e8b465ee728b)  -> (artifact id: 'd03fbca7d857d5bc0e7a06e8e60dfa24') in 0.007180 seconds 
========================================================================
Received Import Request.
  Time since last request: 11.668440 seconds.
  path: Assets/3D Models/Ceiling-fan/textures
  artifactKey: Guid(a9815eb349143ee458605807c8418bb0) Importer(815301076,1909f56bfc062723c751e8b465ee728b)
Start importing Assets/3D Models/Ceiling-fan/textures using Guid(a9815eb349143ee458605807c8418bb0) Importer(815301076,1909f56bfc062723c751e8b465ee728b)  -> (artifact id: '7e4a59e78f82cb71b47c30774a4451ee') in 0.007060 seconds 
========================================================================
Received Import Request.
  Time since last request: 0.000034 seconds.
  path: Assets/3D Models/Ceiling-fan/textures/Ceiling_Fan_geo_lambert7_Normal.png
  artifactKey: Guid(f3b0ffa474a07534188bcd42d29a6857) Importer(815301076,1909f56bfc062723c751e8b465ee728b)
Start importing Assets/3D Models/Ceiling-fan/textures/Ceiling_Fan_geo_lambert7_Normal.png using Guid(f3b0ffa474a07534188bcd42d29a6857) Importer(815301076,1909f56bfc062723c751e8b465ee728b)  -> (artifact id: 'd7fb5c246ffd9e69386c9220364181c1') in 0.644256 seconds 
========================================================================
Received Import Request.
  Time since last request: 0.000056 seconds.
  path: Assets/3D Models/Ceiling-fan/textures/Ceiling_Fan_geo_lambert7_Roughness.png
  artifactKey: Guid(0687d77184595e147adad2012b66eeaa) Importer(815301076,1909f56bfc062723c751e8b465ee728b)
Start importing Assets/3D Models/Ceiling-fan/textures/Ceiling_Fan_geo_lambert7_Roughness.png using Guid(0687d77184595e147adad2012b66eeaa) Importer(815301076,1909f56bfc062723c751e8b465ee728b)  -> (artifact id: '684007e7503be0c6f12d5bfa4b47ab7f') in 1.324769 seconds 
========================================================================
Received Import Request.
  Time since last request: 42.925219 seconds.
  path: Assets/3D Models/Ceiling-fan/source/Materials/lambert7.mat
  artifactKey: Guid(8ee8d868432d8e246a19f9951593533d) Importer(815301076,1909f56bfc062723c751e8b465ee728b)
Start importing Assets/3D Models/Ceiling-fan/source/Materials/lambert7.mat using Guid(8ee8d868432d8e246a19f9951593533d) Importer(815301076,1909f56bfc062723c751e8b465ee728b)  -> (artifact id: '7afd31760648fd92fc04cc5961568824') in 0.270982 seconds 
========================================================================
Received Import Request.
  Time since last request: 116.349440 seconds.
  path: Assets/3D Models/Ceiling-fan/Ceiling_Fan_geo_lambert7_BaseColor.png
  artifactKey: Guid(0a21cd4ae52b35a499c12b312163c46d) Importer(815301076,1909f56bfc062723c751e8b465ee728b)
Start importing Assets/3D Models/Ceiling-fan/Ceiling_Fan_geo_lambert7_BaseColor.png using Guid(0a21cd4ae52b35a499c12b312163c46d) Importer(815301076,1909f56bfc062723c751e8b465ee728b)  -> (artifact id: '6d4b1ececa6f938e50c5eafeedc2ad14') in 1.111884 seconds 
========================================================================
Received Import Request.
  Time since last request: 0.000022 seconds.
  path: Assets/3D Models/Ceiling-fan/Ceiling_Fan_geo_lambert7_Roughness.png
  artifactKey: Guid(18d8aee13ac16d84b830238e912da7cc) Importer(815301076,1909f56bfc062723c751e8b465ee728b)
Start importing Assets/3D Models/Ceiling-fan/Ceiling_Fan_geo_lambert7_Roughness.png using Guid(18d8aee13ac16d84b830238e912da7cc) Importer(815301076,1909f56bfc062723c751e8b465ee728b)  -> (artifact id: 'f84f569282ee556d0e95ef8c6e2331b0') in 0.409495 seconds 
========================================================================
Received Import Request.
  Time since last request: 0.000036 seconds.
  path: Assets/3D Models/Ceiling-fan/Ceiling_Fan_geo_lambert7_Normal.png
  artifactKey: Guid(7f61783ae86e5284db2d396fe2d216fc) Importer(815301076,1909f56bfc062723c751e8b465ee728b)
Start importing Assets/3D Models/Ceiling-fan/Ceiling_Fan_geo_lambert7_Normal.png using Guid(7f61783ae86e5284db2d396fe2d216fc) Importer(815301076,1909f56bfc062723c751e8b465ee728b)  -> (artifact id: '2a39195fdac5dfdee090ee91263e3f57') in 1.277082 seconds 
========================================================================
Received Import Request.
  Time since last request: 20.063882 seconds.
  path: Assets/3D Models/Ceiling-fan/lambert7.mat
  artifactKey: Guid(44523bf5f84bc1b43a9db15969f1fae7) Importer(815301076,1909f56bfc062723c751e8b465ee728b)
Start importing Assets/3D Models/Ceiling-fan/lambert7.mat using Guid(44523bf5f84bc1b43a9db15969f1fae7) Importer(815301076,1909f56bfc062723c751e8b465ee728b)  -> (artifact id: '6d99b7e85ae519e561036a2aedf025ec') in 0.252116 seconds 
========================================================================
Received Import Request.
  Time since last request: 62.237136 seconds.
  path: Assets/3D Models/Window/source/Materials/istockphoto-1057941332-1024x1024.mat
  artifactKey: Guid(470d3761be8182d409595726d7aa0459) Importer(815301076,1909f56bfc062723c751e8b465ee728b)
Start importing Assets/3D Models/Window/source/Materials/istockphoto-1057941332-1024x1024.mat using Guid(470d3761be8182d409595726d7aa0459) Importer(815301076,1909f56bfc062723c751e8b465ee728b)  -> (artifact id: 'fa4cb59d2273d5616c0bcf6456e05fee') in 1.246324 seconds 
========================================================================
Received Import Request.
  Time since last request: 0.000027 seconds.
  path: Assets/3D Models/Laptop2/Laptop2/Sources/Materials/Laptop-Material.004.mat
  artifactKey: Guid(9c662553842a15747b4b5760255b1dcf) Importer(815301076,1909f56bfc062723c751e8b465ee728b)
Start importing Assets/3D Models/Laptop2/Laptop2/Sources/Materials/Laptop-Material.004.mat using Guid(9c662553842a15747b4b5760255b1dcf) Importer(815301076,1909f56bfc062723c751e8b465ee728b)  -> (artifact id: '78f8959ee3e34edadc91a225066d8728') in 0.383694 seconds 
========================================================================
Received Import Request.
  Time since last request: 0.000032 seconds.
  path: Assets/3D Models/Materials/ID_15f26cb8f5-1202-694e-b4ad-93ff250b8bb0_16.mat
  artifactKey: Guid(6c5f38c57dd533a49b24c6a19108aba4) Importer(815301076,1909f56bfc062723c751e8b465ee728b)
Start importing Assets/3D Models/Materials/ID_15f26cb8f5-1202-694e-b4ad-93ff250b8bb0_16.mat using Guid(6c5f38c57dd533a49b24c6a19108aba4) Importer(815301076,1909f56bfc062723c751e8b465ee728b)  -> (artifact id: '65bff157be31652c19d3e7764987114b') in 1.926629 seconds 
========================================================================
Received Import Request.
  Time since last request: 0.000024 seconds.
  path: Assets/3D Models/Materials/ID_152b1293f1-2a70-8146-8dfc-21371a6ea673_16.mat
  artifactKey: Guid(0e6d65cf458c6bd4e8b78755a3c8d70f) Importer(815301076,1909f56bfc062723c751e8b465ee728b)
Start importing Assets/3D Models/Materials/ID_152b1293f1-2a70-8146-8dfc-21371a6ea673_16.mat using Guid(0e6d65cf458c6bd4e8b78755a3c8d70f) Importer(815301076,1909f56bfc062723c751e8b465ee728b)  -> (artifact id: 'cc177884cd99d89a362870f2fb6ec7c5') in 0.105374 seconds 
========================================================================
Received Import Request.
  Time since last request: 0.000069 seconds.
  path: Assets/3D Models/Laptop2/Laptop2/Sources/Materials/Laptop-Material.001.mat
  artifactKey: Guid(d5dbeca3ac49682468650672e974b0d1) Importer(815301076,1909f56bfc062723c751e8b465ee728b)
Start importing Assets/3D Models/Laptop2/Laptop2/Sources/Materials/Laptop-Material.001.mat using Guid(d5dbeca3ac49682468650672e974b0d1) Importer(815301076,1909f56bfc062723c751e8b465ee728b)  -> (artifact id: '7d62b779e3944c42b2b6f1e0bc900c2d') in 0.044692 seconds 
========================================================================
Received Import Request.
  Time since last request: 0.000018 seconds.
  path: Assets/3D Models/Laptop2/Laptop2/Sources/Materials/Laptop-Material.002.mat
  artifactKey: Guid(8db09f5c97843024dbb5f5f4f32c78b4) Importer(815301076,1909f56bfc062723c751e8b465ee728b)
Start importing Assets/3D Models/Laptop2/Laptop2/Sources/Materials/Laptop-Material.002.mat using Guid(8db09f5c97843024dbb5f5f4f32c78b4) Importer(815301076,1909f56bfc062723c751e8b465ee728b)  -> (artifact id: '972252f2fdd60f7f84fcb8a7eeb350ad') in 0.030901 seconds 
========================================================================
Received Import Request.
  Time since last request: 0.000034 seconds.
  path: Assets/3D Models/Laptop/source/Materials/ComputerScreen.mat
  artifactKey: Guid(c6cf126a92fd1a74abbb26e3b23890a8) Importer(815301076,1909f56bfc062723c751e8b465ee728b)
Start importing Assets/3D Models/Laptop/source/Materials/ComputerScreen.mat using Guid(c6cf126a92fd1a74abbb26e3b23890a8) Importer(815301076,1909f56bfc062723c751e8b465ee728b)  -> (artifact id: '7b400e0127c938286c98fdaea6974f55') in 0.124541 seconds 
========================================================================
Received Import Request.
  Time since last request: 0.000031 seconds.
  path: Assets/3D Models/Laptop/source/Materials/Laptop-ComputerScreen.mat
  artifactKey: Guid(14e1f722c50eed44eb438069bf211d24) Importer(815301076,1909f56bfc062723c751e8b465ee728b)
Start importing Assets/3D Models/Laptop/source/Materials/Laptop-ComputerScreen.mat using Guid(14e1f722c50eed44eb438069bf211d24) Importer(815301076,1909f56bfc062723c751e8b465ee728b)  -> (artifact id: '6fd0064388e24daa07ed111f3c96df52') in 0.060186 seconds 
========================================================================
Received Import Request.
  Time since last request: 0.000043 seconds.
  path: Assets/3D Models/Laptop2/Laptop2/Sources/Materials/Laptop-Material.007.mat
  artifactKey: Guid(9681248ace3e9224ab0d27ef737bb470) Importer(815301076,1909f56bfc062723c751e8b465ee728b)
Start importing Assets/3D Models/Laptop2/Laptop2/Sources/Materials/Laptop-Material.007.mat using Guid(9681248ace3e9224ab0d27ef737bb470) Importer(815301076,1909f56bfc062723c751e8b465ee728b)  -> (artifact id: '2e83e2602819ccdd91ef67d844694d1a') in 0.091572 seconds 
========================================================================
Received Import Request.
  Time since last request: 0.000025 seconds.
  path: Assets/3D Models/Materials/ID_15f2f38339-bd0a-c74d-af56-4a7a4dd4703b_16_42amVlCBgBZHBNGTnMdyjsU_6_4_reflection.mat
  artifactKey: Guid(cd1e968fdd09d5549a6176c4a0839088) Importer(815301076,1909f56bfc062723c751e8b465ee728b)
Start importing Assets/3D Models/Materials/ID_15f2f38339-bd0a-c74d-af56-4a7a4dd4703b_16_42amVlCBgBZHBNGTnMdyjsU_6_4_reflection.mat using Guid(cd1e968fdd09d5549a6176c4a0839088) Importer(815301076,1909f56bfc062723c751e8b465ee728b)  -> (artifact id: '2543b212862bb372c029e820f1d37c2a') in 0.095686 seconds 
========================================================================
Received Import Request.
  Time since last request: 0.000027 seconds.
  path: Assets/3D Models/Materials/ID_15de94720a-93fd-ea49-957a-14d2e31349e7_16.mat
  artifactKey: Guid(2162fc47374bfc24181eb60caa163abc) Importer(815301076,1909f56bfc062723c751e8b465ee728b)
Start importing Assets/3D Models/Materials/ID_15de94720a-93fd-ea49-957a-14d2e31349e7_16.mat using Guid(2162fc47374bfc24181eb60caa163abc) Importer(815301076,1909f56bfc062723c751e8b465ee728b)  -> (artifact id: 'a8f2786b47d3dccef99e2623eb7eac5c') in 0.121772 seconds 
Editor requested this worker to shutdown with reason: Scaling down because of idle timeout
AssetImportWorker is now disconnected from the server
Process exiting
Exiting without the bug reporter. Application will terminate with return code 0